[debug] [2018-02-09T07:19:49.339Z] ----------------------------------------------------------------------
[debug] [2018-02-09T07:19:49.341Z] Command:       /usr/local/bin/node /usr/local/bin/firebase serve
[debug] [2018-02-09T07:19:49.342Z] CLI Version:   3.17.4
[debug] [2018-02-09T07:19:49.342Z] Platform:      darwin
[debug] [2018-02-09T07:19:49.342Z] Node Version:  v8.9.1
[debug] [2018-02-09T07:19:49.342Z] Time:          Fri Feb 09 2018 10:19:49 GMT+0300 (+03)
[debug] [2018-02-09T07:19:49.342Z] ----------------------------------------------------------------------
[debug] 
[debug] [2018-02-09T07:19:49.360Z] > command requires scopes: ["email","openid","https://www.googleapis.com/auth/cloudplatformprojects.readonly","https://www.googleapis.com/auth/firebase","https://www.googleapis.com/auth/cloud-platform"]
[debug] [2018-02-09T07:19:49.361Z] > authorizing via signed-in user
[debug] [2018-02-09T07:19:49.363Z] >>> HTTP REQUEST GET https://admin.firebase.com/v1/projects/information-system-cb4d0  
  
 Fri Feb 09 2018 10:19:49 GMT+0300 (+03)
[debug] [2018-02-09T07:19:50.232Z] <<< HTTP RESPONSE 200
[debug] [2018-02-09T07:19:50.233Z] >>> HTTP REQUEST GET https://admin.firebase.com/v1/database/information-system-cb4d0/tokens  
  
 Fri Feb 09 2018 10:19:50 GMT+0300 (+03)
[debug] [2018-02-09T07:19:50.845Z] <<< HTTP RESPONSE 200
[info] 
[info] === Serving from '/Users/svetlana.lopato/Projects/Firebase-project'...
[info] 
[debug] [2018-02-09T07:19:50.848Z] >>> HTTP REQUEST GET https://cloudresourcemanager.googleapis.com/v1/projects/information-system-cb4d0  
  
 Fri Feb 09 2018 10:19:50 GMT+0300 (+03)
[debug] [2018-02-09T07:19:51.865Z] <<< HTTP RESPONSE 200
[debug] [2018-02-09T07:19:51.866Z] >>> HTTP REQUEST GET https://mobilesdk-pa.googleapis.com/v1/projects/117386033853/clients/_:getWebAppConfig  
  
 Fri Feb 09 2018 10:19:51 GMT+0300 (+03)
[debug] [2018-02-09T07:19:52.377Z] <<< HTTP RESPONSE 200
[info] i  hosting: Serving hosting files from: ./dist
[info] ✔  hosting: Local server: http://localhost:5000

